<?xml version="1.0" encoding="UTF-8"?>
<!-- Generated by org.testng.reporters.JUnitReportReporter -->
<testsuite hostname="Maksuda" failures="0" tests="3" name="DemoFrameWork.FrameWork1.NewTestTest" time="0.011" errors="0" timestamp="2024-01-19T12:57:01 EST" skipped="0">
  <testcase classname="DemoFrameWork.FrameWork1.NewTestTest" name="Login" time="0.008"/>
  <testcase classname="DemoFrameWork.FrameWork1.NewTestTest" name="Logout" time="0.002"/>
  <testcase classname="DemoFrameWork.FrameWork1.NewTestTest" name="Application" time="0.001"/>
</testsuite> <!-- DemoFrameWork.FrameWork1.NewTestTest -->
