<?xml version="1.0" encoding="UTF-8"?>
<!-- Generated by org.testng.reporters.JUnitReportReporter -->
<testsuite hostname="Maksuda" failures="0" tests="5" name="DemoFrameWork.FrameWork1.ClassWork2" time="0.014" errors="0" timestamp="2024-01-19T22:35:09 EST" skipped="0">
  <testcase classname="DemoFrameWork.FrameWork1.ClassWork2" name="One" time="0.007"/>
  <testcase classname="DemoFrameWork.FrameWork1.ClassWork2" name="two" time="0.001"/>
  <testcase classname="DemoFrameWork.FrameWork1.ClassWork2" name="three" time="0.003"/>
  <testcase classname="DemoFrameWork.FrameWork1.ClassWork2" name="four" time="0.002"/>
  <testcase classname="DemoFrameWork.FrameWork1.ClassWork2" name="five" time="0.001"/>
</testsuite> <!-- DemoFrameWork.FrameWork1.ClassWork2 -->
