<?xml version="1.0" encoding="UTF-8"?>
<!-- Generated by org.testng.reporters.JUnitReportReporter -->
<testsuite hostname="Maksuda" failures="0" tests="1" name="DemoFrameWork.FrameWork1.NewTest" time="5.340" errors="0" timestamp="2024-01-19T22:41:38 EST" skipped="0">
  <testcase classname="DemoFrameWork.FrameWork1.NewTest" name="Setup" time="5.340"/>
</testsuite> <!-- DemoFrameWork.FrameWork1.NewTest -->
